<?xml version='1.0' encoding='UTF-8'?>
<testsuite hostname="DESKTOP-RVVF45O" name="AluSpec" tests="1" errors="0" failures="0" skipped="0" time="1.773" timestamp="2021-01-25T02:34:57">
                     <properties>
[...]
</properties>
                     <testcase classname="AluSpec" name="WaveformCounter should pass" time="1.773">
                                                 
                                               </testcase>
                     <system-out><![CDATA[]]></system-out>
                     <system-err><![CDATA[]]></system-err>
                   </testsuite>